Determining if the pthread_create exist failed with the following output:
Change Dir: /home/icey/Desktop/upsampling/build/CMakeFiles/CMakeTmp

Run Build Command:"/usr/bin/make" "cmTC_dffca/fast"
/usr/bin/make -f CMakeFiles/cmTC_dffca.dir/build.make CMakeFiles/cmTC_dffca.dir/build
make[1]: Entering directory '/home/icey/Desktop/upsampling/build/CMakeFiles/CMakeTmp'
Building C object CMakeFiles/cmTC_dffca.dir/CheckSymbolExists.c.o
/usr/bin/cc    -Wall -g -O2 -ffast-math    -o CMakeFiles/cmTC_dffca.dir/CheckSymbolExists.c.o   -c /home/icey/Desktop/upsampling/build/CMakeFiles/CMakeTmp/CheckSymbolExists.c
Linking C executable cmTC_dffca
/usr/bin/cmake -E cmake_link_script CMakeFiles/cmTC_dffca.dir/link.txt --verbose=1
/usr/bin/cc   -Wall -g -O2 -ffast-math     CMakeFiles/cmTC_dffca.dir/CheckSymbolExists.c.o  -o cmTC_dffca 
CMakeFiles/cmTC_dffca.dir/CheckSymbolExists.c.o: In function `main':
/home/icey/Desktop/upsampling/build/CMakeFiles/CMakeTmp/CheckSymbolExists.c:8: undefined reference to `pthread_create'
collect2: error: ld returned 1 exit status
CMakeFiles/cmTC_dffca.dir/build.make:97: recipe for target 'cmTC_dffca' failed
make[1]: *** [cmTC_dffca] Error 1
make[1]: Leaving directory '/home/icey/Desktop/upsampling/build/CMakeFiles/CMakeTmp'
Makefile:126: recipe for target 'cmTC_dffca/fast' failed
make: *** [cmTC_dffca/fast] Error 2

File /home/icey/Desktop/upsampling/build/CMakeFiles/CMakeTmp/CheckSymbolExists.c:
/* */
#include <pthread.h>

int main(int argc, char** argv)
{
  (void)argv;
#ifndef pthread_create
  return ((int*)(&pthread_create))[argc];
#else
  (void)argc;
  return 0;
#endif
}

Determining if the function pthread_create exists in the pthreads failed with the following output:
Change Dir: /home/icey/Desktop/upsampling/build/CMakeFiles/CMakeTmp

Run Build Command:"/usr/bin/make" "cmTC_c7b61/fast"
/usr/bin/make -f CMakeFiles/cmTC_c7b61.dir/build.make CMakeFiles/cmTC_c7b61.dir/build
make[1]: Entering directory '/home/icey/Desktop/upsampling/build/CMakeFiles/CMakeTmp'
Building C object CMakeFiles/cmTC_c7b61.dir/CheckFunctionExists.c.o
/usr/bin/cc    -Wall -g -O2 -ffast-math -DCHECK_FUNCTION_EXISTS=pthread_create   -o CMakeFiles/cmTC_c7b61.dir/CheckFunctionExists.c.o   -c /usr/share/cmake-3.5/Modules/CheckFunctionExists.c
Linking C executable cmTC_c7b61
/usr/bin/cmake -E cmake_link_script CMakeFiles/cmTC_c7b61.dir/link.txt --verbose=1
/usr/bin/cc   -Wall -g -O2 -ffast-math -DCHECK_FUNCTION_EXISTS=pthread_create    CMakeFiles/cmTC_c7b61.dir/CheckFunctionExists.c.o  -o cmTC_c7b61 -lpthreads 
/usr/bin/ld: cannot find -lpthreads
collect2: error: ld returned 1 exit status
CMakeFiles/cmTC_c7b61.dir/build.make:97: recipe for target 'cmTC_c7b61' failed
make[1]: *** [cmTC_c7b61] Error 1
make[1]: Leaving directory '/home/icey/Desktop/upsampling/build/CMakeFiles/CMakeTmp'
Makefile:126: recipe for target 'cmTC_c7b61/fast' failed
make: *** [cmTC_c7b61/fast] Error 2


